-------------------------------------------------------------------------------
Test set: generated.test.SubsystemsSmokeTest
-------------------------------------------------------------------------------
Tests run: 3, Failures: 1, Errors: 0, Skipped: 0, Time elapsed: 0.004 s <<< FAILURE! -- in generated.test.SubsystemsSmokeTest
generated.test.SubsystemsSmokeTest.smokeAllSubsystems -- Time elapsed: 0.001 s <<< FAILURE!
org.opentest4j.AssertionFailedError: Subsystem did not open. URL=https://rrpo.cmirit.ru/E3Core/client/ screenshot=target/screenshots/smoke-failed-Доступные_подсистемы.png ==> expected: <true> but was: <false>
	at org.junit.jupiter.api.AssertionFailureBuilder.build(AssertionFailureBuilder.java:151)
	at org.junit.jupiter.api.AssertionFailureBuilder.buildAndThrow(AssertionFailureBuilder.java:132)
	at org.junit.jupiter.api.AssertTrue.failNotTrue(AssertTrue.java:63)
	at org.junit.jupiter.api.AssertTrue.assertTrue(AssertTrue.java:36)
	at org.junit.jupiter.api.Assertions.assertTrue(Assertions.java:214)
	at generated.test.SubsystemsSmokeTest.lambda$smokeAllSubsystems$1(SubsystemsSmokeTest.java:25)
	at java.base/java.util.Optional.ifPresent(Optional.java:178)
	at java.base/java.util.ArrayList.forEach(ArrayList.java:1604)
	at java.base/java.util.ArrayList.forEach(ArrayList.java:1604)

