-------------------------------------------------------------------------------
Test set: generated.test.SoveshchanieTest
-------------------------------------------------------------------------------
Tests run: 10, Failures: 1, Errors: 0, Skipped: 3, Time elapsed: 204.1 s <<< FAILURE! -- in generated.test.SoveshchanieTest
generated.test.SoveshchanieTest.testDelete -- Time elapsed: 10.73 s <<< FAILURE!
org.opentest4j.AssertionFailedError: testDelete: действие 'Удалить' недоступно в карточке открытой записи
	at org.junit.jupiter.api.AssertionUtils.fail(AssertionUtils.java:38)
	at org.junit.jupiter.api.Assertions.fail(Assertions.java:138)
	at generated.test.SoveshchanieTest.testDelete(SoveshchanieTest.java:791)
	at java.base/java.lang.reflect.Method.invoke(Method.java:565)
	at java.base/java.util.ArrayList.forEach(ArrayList.java:1604)
	at java.base/java.util.ArrayList.forEach(ArrayList.java:1604)

