<?xml version="1.0" encoding="UTF-8"?>
<testsuite xmlns:xsi="http://www.w3.org/2001/XMLSchema-instance" xsi:noNamespaceSchemaLocation="https://maven.apache.org/surefire/maven-surefire-plugin/xsd/surefire-test-report-3.0.xsd" version="3.0" name="generated.test.PrichinySmenyPredsedatelyaPredstavitelyaTest" time="121.857" tests="5" errors="0" skipped="0" failures="0">
  <properties>
[...]
</properties>
  <testcase name="testFieldsPresent" classname="generated.test.PrichinySmenyPredsedatelyaPredstavitelyaTest" time="8.184">
    <system-out><![CDATA[descendMenu: no 'Найти'/'Открыть' submenu — clicking item directly for 'Причины смены председателя/представителя'
  click strategy 1 (plain): OK
  screenshot: target/screenshots/post-nav-Причины_смены_председателя_представителя-after-direct.png
  visible tabs: Результат поиска "по параметрам" | Результат поиска "по параметрам" | Причины смены председателя/представителя | Причины смены председателя/представителя
Fields visible on grid: 0 of 0
selectAndOpenRecord: visible grid groups:
  group=[ext-gen18842] count=1 firstRowText=[Причины смены председателя/представителя]
  group=[ext-gen18978] count=6 firstRowText=[Upd1686706430752250_0|	|AT1679398351176541_1|	|01.01.2020|	| |	| |	|14.06.2026 1]
selectAndOpenRecord: будем дбл-кликать на ячейку с текстом 'Upd1686706430752250_0' (row idx=0)
selectAndOpenRecord: physical click+dblclick on row idx=0 of largest visible grid group
[step] select + open record: 633ms
Fields visible INSIDE card: 0 of 0
]]></system-out>
  </testcase>
  <testcase name="testCreate" classname="generated.test.PrichinySmenyPredsedatelyaPredstavitelyaTest" time="30.632">
    <system-out><![CDATA[descendMenu: no 'Найти'/'Открыть' submenu — clicking item directly for 'Причины смены председателя/представителя'
  click strategy 1 (plain): OK
  screenshot: target/screenshots/post-nav-Причины_смены_председателя_представителя-after-direct.png
  visible tabs: Результат поиска "по параметрам" | Результат поиска "по параметрам" | Причины смены председателя/представителя | Причины смены председателя/представителя
testCreate (inline): записей в справочнике ДО добавления = 6
clickEditDropdownAction: clicking 'Редактирование' to open dropdown
  click strategy 1 (plain): OK
clickEditDropdownAction: clicking 'Добавить'
  click strategy 1 (plain): OK
[step] Редактирование → Добавить: 1274ms
testCreate (inline): grid found, columns=9
testCreate (inline): выбран грид -> editorgrid rows=7 editable=true
testCreate (inline): строк в редактируемом гриде после 'Добавить' = 7
testCreate (inline): новая (последняя) строка rowIdx=6
testCreate (inline): column dump = 0:Нименование[5EB3AC360108] editable=true xtype=undefined | 1:Краткое наименование[5EB3AC360171] editable=true xtype=undefined | 2:НДЗ *[5EB3AC3601AD] editable=true xtype=maskField | 3:КДЗ[5EB3AC3601E4] editable=true xtype=maskField | 4:Примечание[5EB3AC36021B] editable=true xtype=undefined | 5:Дата изменения[5EB3AC360251] editable=true xtype=undefined | 6:Оператор[5EB3AC360288] editable=true xtype=undefined | 7:ANCESTOR_KEY[5EB3AB910107] editable=true xtype=undefined | 8:KEY_CAUSE[5EB3ABD60223] editable=true xtype=undefined
  [dismissErrorPopup] серверный попап обнаружен — закрываем OK и продолжаем
  [inline-fill] серверный попап закрыт, продолжаем заполнение
  [inline-fill] col=0 после ввода record.get = 'AT1688999574758291_0'
  [inline-fill] текст col=0 = 'AT1688999574758291_0' OK
  [inline-fill] col=1 после ввода record.get = 'AT1688999574758291_1'
  [inline-fill] текст col=1 = 'AT1688999574758291_1' OK
  [inline-fill] col=2 после ввода record.get = '14.06.2026'
  [inline-fill] дата col=2 = '14.06.2026' OK
  [inline-fill] col=3 после ввода record.get = '__.__.____'
  [inline-fill] дата col=3 = '14.06.2026' OK
  [inline-fill] col=4 после ввода record.get = ''
  [inline-fill] col=4 фолбэк rec.set → record.get = 'AT1688999574758291_4'
  [inline-fill] текст col=4 = 'AT1688999574758291_4' OK
  [inline-fill] col=5 после ввода record.get = ''
  [inline-fill] col=5 фолбэк rec.set → record.get = 'AT1688999574758291_5'
  [inline-fill] текст col=5 = 'AT1688999574758291_5' OK
  [inline-fill] col=6 после ввода record.get = ''
  [inline-fill] col=6 фолбэк rec.set → record.get = 'AT1688999574758291_6'
  [inline-fill] текст col=6 = 'AT1688999574758291_6' OK
  [inline-fill] col=7 после ввода record.get = ''
  [inline-fill] col=7 фолбэк rec.set → record.get = 'AT1688999574758291_7'
  [inline-fill] текст col=7 = 'AT1688999574758291_7' OK
  [inline-fill] col=8 после ввода record.get = ''
  [inline-fill] col=8 фолбэк rec.set → record.get = 'AT1688999574758291_8'
  [inline-fill] текст col=8 = 'AT1688999574758291_8' OK
testCreate (inline): заполнено полей=9 (из них дат=2)
clickEditDropdownAction: clicking 'Редактирование' to open dropdown
  click strategy 1 (plain): OK
clickEditDropdownAction: clicking 'Сохранить Изменения'
  click strategy 1 (plain): OK
[step] Редактирование → Сохранить Изменения: 1315ms
confirmDialogYes: no confirm dialog appeared in 3s
clickGridRefresh: reload-err
testCreate (inline): refresh запущен=true
testCreate (inline): записей ПОСЛЕ обновления = 6 (было 6)
testCreate (inline): countGrew=false createdFound=true
]]></system-out>
  </testcase>
  <testcase name="testUpdate" classname="generated.test.PrichinySmenyPredsedatelyaPredstavitelyaTest" time="49.35">
    <system-out><![CDATA[descendMenu: no 'Найти'/'Открыть' submenu — clicking item directly for 'Причины смены председателя/представителя'
  click strategy 1 (plain): OK
  screenshot: target/screenshots/post-nav-Причины_смены_председателя_представителя-after-direct.png
  visible tabs: Результат поиска "по параметрам" | Результат поиска "по параметрам" | Причины смены председателя/представителя | Причины смены председателя/представителя
testUpdate (inline): выбран грид -> editorgrid rows=7 editable=true
testUpdate (inline): записей в справочнике ДО правки = 6
testUpdate (inline): правим первую запись editRow=0
testUpdate (inline): column dump = 0:Нименование[5EB3AC360108] editable=true xtype=undefined | 1:Краткое наименование[5EB3AC360171] editable=true xtype=undefined | 2:НДЗ *[5EB3AC3601AD] editable=true xtype=maskField | 3:КДЗ[5EB3AC3601E4] editable=true xtype=maskField | 4:Примечание[5EB3AC36021B] editable=true xtype=undefined | 5:Дата изменения[5EB3AC360251] editable=true xtype=undefined | 6:Оператор[5EB3AC360288] editable=true xtype=undefined | 7:ANCESTOR_KEY[5EB3AB910107] editable=true xtype=undefined | 8:KEY_CAUSE[5EB3ABD60223] editable=true xtype=undefined
  [inline-fill] текст col=0 = 'Upd1689030294054333_0' OK
  [inline-fill] update: изменено одно поле, выходим
testUpdate (inline): заполнено полей=1 (из них дат=0)
clickEditDropdownAction: clicking 'Редактирование' to open dropdown
  click strategy 1 (plain) failed: ElementClickInterceptedException
  click strategy 2 (Actions): OK
clickEditDropdownAction: action 'Сохранить Изменения' not found in dropdown
[step] Редактирование → Сохранить Изменения: 3811ms
clickEditDropdownAction: clicking 'Редактирование' to open dropdown
  click strategy 1 (plain) failed: ElementClickInterceptedException
  click strategy 2 (Actions): OK
clickEditDropdownAction: action 'Сохранить Изменения' not found in dropdown
clickButtonByText: 'Готово' not found (matched 0 total, none displayed/enabled)
clickButtonByText: 'Сохранить' not found (matched 0 total, none displayed/enabled)
confirmDialogYes: no confirm dialog appeared in 3s
clickGridRefresh: reload-err
testUpdate (inline): refresh запущен=true
testUpdate (inline): записей ПОСЛЕ обновления = 6 (было 6)
testUpdate (inline): inView=true countUnchanged=true
]]></system-out>
  </testcase>
  <testcase name="testDelete" classname="generated.test.PrichinySmenyPredsedatelyaPredstavitelyaTest" time="26.763">
    <system-out><![CDATA[descendMenu: no 'Найти'/'Открыть' submenu — clicking item directly for 'Причины смены председателя/представителя'
  click strategy 1 (plain): OK
  screenshot: target/screenshots/post-nav-Причины_смены_председателя_представителя-after-direct.png
  visible tabs: Результат поиска "по параметрам" | Результат поиска "по параметрам" | Причины смены председателя/представителя | Причины смены председателя/представителя
testDelete: записей ДО = 6
  идентификатор первой строки рабочего грида = 'Upd1689030294054333_0'
clickEditDropdownAction: clicking 'Редактирование' to open dropdown
  click strategy 1 (plain): OK
clickEditDropdownAction: clicking 'Удалить'
  click strategy 1 (plain): OK
  [popup after-Удалить]: 'Вы действительно хотите удалить объект?'
  [popup after-Удалить]: 'Вы действительно хотите удалить объект?'
confirmDialogYes: clicking 'Да'
  click strategy 1 (plain): OK
confirmDialogYes: no confirm dialog appeared in 3s
descendMenu: no 'Найти'/'Открыть' submenu — clicking item directly for 'Причины смены председателя/представителя'
  click strategy 1 (plain): OK
  screenshot: target/screenshots/post-nav-Причины_смены_председателя_представителя-after-direct.png
  visible tabs: Результат поиска "по параметрам" | Результат поиска "по параметрам" | Причины смены председателя/представителя | Причины смены председателя/представителя
openParamSearchInTree: double-clicking 'по параметрам'
executeSearchIfPresent: clicking <td> with text 'Выполнить поиск'
executeSearchIfPresent: result grid now has 31 visible row(s)
testDelete: записей ПОСЛЕ = 19 (было 6), gone=true, popup='Вы действительно хотите удалить объект? | Вы действительно хотите удалить объект?'
]]></system-out>
  </testcase>
  <testcase name="testGridPrichinySmenyPredsedatelyaPredstavitelya" classname="generated.test.PrichinySmenyPredsedatelyaPredstavitelyaTest" time="6.925">
    <system-out><![CDATA[descendMenu: no 'Найти'/'Открыть' submenu — clicking item directly for 'Причины смены председателя/представителя'
  click strategy 1 (plain): OK
  screenshot: target/screenshots/post-nav-Причины_смены_председателя_представителя-after-direct.png
  visible tabs: Причины смены председателя/представителя | Причины смены председателя/представителя
Grid 'Причины смены председателя/представителя' visible: true
Grid columns found: 4 of 5
Grid buttons found: 0 of 3
]]></system-out>
  </testcase>
</testsuite>