<?xml version="1.0" encoding="UTF-8"?>
<testsuite xmlns:xsi="http://www.w3.org/2001/XMLSchema-instance" xsi:noNamespaceSchemaLocation="https://maven.apache.org/surefire/maven-surefire-plugin/xsd/surefire-test-report-3.0.xsd" version="3.0" name="generated.test.DokumentSoveshchaniyaTest" time="112.365" tests="4" errors="0" skipped="0" failures="1">
  <properties>
[...]
</properties>
  <testcase name="testGridColumns" classname="generated.test.DokumentSoveshchaniyaTest" time="12.196">
    <system-out><![CDATA[Discovered 3 subsystem(s): [Доступные подсистемы, Гаражно-строительные кооперативы, Афиша мероприятий]
Restarting browser for subsystem #2: Гаражно-строительные кооперативы
Subsystem 'Гаражно-строительные кооперативы' selected (menu button)
Restarting browser for subsystem #3: Афиша мероприятий
Subsystem 'Афиша мероприятий' selected (launcher header gone)
Smoke phase done — restarting browser for entity tests
Subsystem 'Гаражно-строительные кооперативы' selected (menu button)
descendMenu: trying to click 'Найти' for entity 'Совещание'
  click strategy 1 (plain): OK
  screenshot: target/screenshots/post-nav-Совещание-after-action.png
  visible tabs: <none>
openParamSearchInTree: double-clicking 'по параметрам'
executeSearchIfPresent: clicking <td> with text 'Выполнить поиск'
executeSearchIfPresent: result grid now has 24 visible row(s)
child setUp: attempt=1 parent='Совещание' gridRows=65
selectAndOpenRecord: visible grid groups:
  group=[ext-gen415] count=6 firstRowText=[Тема совещания|	| ]
  group=[ext-gen514] count=18 firstRowText=[1|	|AT1200617347211916|	|02.06.2026 03:24|	|Test_ADDRESS_CONFERENCE_82585542|	|T]
selectAndOpenRecord: будем дбл-кликать на ячейку с текстом 'AT1200617347211916' (row idx=0)
selectAndOpenRecord: physical click+dblclick on row idx=0 of largest visible grid group
openTab: trying <div> 'Документы совещания'
  click strategy 1 (plain): OK
Grid 'Документы совещания' rows: 89
Grid 'Документы совещания' columns: 3 of 3
]]></system-out>
    <system-err><![CDATA[SLF4J: No SLF4J providers were found.
SLF4J: Defaulting to no-operation (NOP) logger implementation
SLF4J: See https://www.slf4j.org/codes.html#noProviders for further details.
июн. 14, 2026 4:14:22 PM org.openqa.selenium.devtools.CdpVersionFinder findNearestMatch
WARNING: Unable to find CDP implementation matching 149
июн. 14, 2026 4:14:22 PM org.openqa.selenium.chromium.ChromiumDriver lambda$new$5
WARNING: Unable to find version of CDP to use for 149.0.7827.104. You may need to include a dependency on a specific version of the CDP using something similar to `org.seleniumhq.selenium:selenium-devtools-v86:4.15.0` where the version ("v86") matches the version of the chromium-based browser you're using and the version number of the artifact is the same as Selenium's.
июн. 14, 2026 4:14:30 PM org.openqa.selenium.devtools.CdpVersionFinder findNearestMatch
WARNING: Unable to find CDP implementation matching 149
июн. 14, 2026 4:14:30 PM org.openqa.selenium.chromium.ChromiumDriver lambda$new$5
WARNING: Unable to find version of CDP to use for 149.0.7827.104. You may need to include a dependency on a specific version of the CDP using something similar to `org.seleniumhq.selenium:selenium-devtools-v86:4.15.0` where the version ("v86") matches the version of the chromium-based browser you're using and the version number of the artifact is the same as Selenium's.
июн. 14, 2026 4:14:36 PM org.openqa.selenium.devtools.CdpVersionFinder findNearestMatch
WARNING: Unable to find CDP implementation matching 149
июн. 14, 2026 4:14:36 PM org.openqa.selenium.chromium.ChromiumDriver lambda$new$5
WARNING: Unable to find version of CDP to use for 149.0.7827.104. You may need to include a dependency on a specific version of the CDP using something similar to `org.seleniumhq.selenium:selenium-devtools-v86:4.15.0` where the version ("v86") matches the version of the chromium-based browser you're using and the version number of the artifact is the same as Selenium's.
июн. 14, 2026 4:14:44 PM org.openqa.selenium.devtools.CdpVersionFinder findNearestMatch
WARNING: Unable to find CDP implementation matching 149
июн. 14, 2026 4:14:44 PM org.openqa.selenium.chromium.ChromiumDriver lambda$new$5
WARNING: Unable to find version of CDP to use for 149.0.7827.104. You may need to include a dependency on a specific version of the CDP using something similar to `org.seleniumhq.selenium:selenium-devtools-v86:4.15.0` where the version ("v86") matches the version of the chromium-based browser you're using and the version number of the artifact is the same as Selenium's.
]]></system-err>
  </testcase>
  <testcase name="testCreate" classname="generated.test.DokumentSoveshchaniyaTest" time="29.61">
    <system-out><![CDATA[descendMenu: trying to click 'Найти' for entity 'Совещание'
  click strategy 1 (plain): OK
  screenshot: target/screenshots/post-nav-Совещание-after-action.png
  visible tabs: <none>
openParamSearchInTree: double-clicking 'по параметрам'
executeSearchIfPresent: clicking <td> with text 'Выполнить поиск'
executeSearchIfPresent: result grid now has 24 visible row(s)
child setUp: attempt=1 parent='Совещание' gridRows=65
selectAndOpenRecord: visible grid groups:
  group=[ext-gen1032] count=6 firstRowText=[Тема совещания|	| ]
  group=[ext-gen1131] count=18 firstRowText=[1|	|AT1200617347211916|	|02.06.2026 03:24|	|Test_ADDRESS_CONFERENCE_82585542|	|T]
selectAndOpenRecord: будем дбл-кликать на ячейку с текстом 'AT1200617347211916' (row idx=0)
selectAndOpenRecord: physical click+dblclick on row idx=0 of largest visible grid group
openTab: trying <div> 'Документы совещания'
  click strategy 1 (plain): OK
clickEditDropdownAction: clicking 'Редактирование' to open dropdown
  click strategy 1 (plain): OK
clickEditDropdownAction: clicking 'Добавить'
  click strategy 1 (plain): OK
[step] Редактирование → Добавить: 1311ms
child testCreate: выбран грид -> editorgrid rows=2 editable=true
child testCreate: строк в редактируемом гриде после 'Добавить' = 2
child testCreate: column dump = 0:Название *[5EC78A490078] editable=true xtype=undefined | 1:Файл[5EC78A4900D5] editable=true xtype=fileField | 2:Дата создания[5EC78A490109] editable=true xtype=maskField | 3:Примечание[5EC78A490140] editable=true xtype=undefined | 4:Дата изменения[5EC78A490177] editable=true xtype=undefined | 5:Оператор[5EC78A4901AC] editable=true xtype=undefined | 6:KEY_CONFERENCE[5EC789EF03E2] editable=true xtype=undefined | 7:KEY_DOC_CONFERENCE[5EC78A1B0015] editable=true xtype=undefined
  [inline-fill] col=0 после ввода record.get = ''
  [inline-fill] col=0 фолбэк rec.set → record.get = 'AT1688330399908750_0'
  [inline-fill] текст col=0 = 'AT1688330399908750_0' OK
  [inline-fill] col=1 после ввода record.get = ''
  [inline-fill] col=1 фолбэк rec.set → record.get = 'AT1688330399908750_1'
  [inline-fill] текст col=1 = 'AT1688330399908750_1' OK
  [inline-fill] col=2 после ввода record.get = '14.06.2026'
  [inline-fill] дата col=2 = '14.06.2026' OK
  [inline-fill] col=3 после ввода record.get = ''
  [inline-fill] col=3 фолбэк rec.set → record.get = 'AT1688330399908750_3'
  [inline-fill] текст col=3 = 'AT1688330399908750_3' OK
  [inline-fill] col=4 после ввода record.get = '14.06.2026 16:15:15'
  [inline-fill] текст col=4 = 'AT1688330399908750_4' OK
  [inline-fill] col=5 после ввода record.get = ''
  [inline-fill] col=5 фолбэк rec.set → record.get = 'AT1688330399908750_5'
  [inline-fill] текст col=5 = 'AT1688330399908750_5' OK
  [inline-fill] col=6 после ввода record.get = '50'
  [inline-fill] текст col=6 = 'AT1688330399908750_6' OK
  [inline-fill] col=7 после ввода record.get = '74'
  [inline-fill] текст col=7 = 'AT1688330399908750_7' OK
child testCreate: заполнено полей=8 (из них дат=1)
clickEditDropdownAction: clicking 'Редактирование' to open dropdown
  click strategy 1 (plain): OK
clickEditDropdownAction: clicking 'Сохранить Изменения'
  click strategy 1 (plain): OK
[step] Сохранить Изменения: 1320ms
confirmDialogYes: no confirm dialog appeared in 3s
clickGridRefresh: reload-err
child testCreate: marker='AT1688330399908750' found=true
]]></system-out>
  </testcase>
  <testcase name="testUpdate" classname="generated.test.DokumentSoveshchaniyaTest" time="21.349">
    <system-out><![CDATA[descendMenu: trying to click 'Найти' for entity 'Совещание'
  click strategy 1 (plain): OK
  screenshot: target/screenshots/post-nav-Совещание-after-action.png
  visible tabs: <none>
openParamSearchInTree: double-clicking 'по параметрам'
executeSearchIfPresent: clicking <td> with text 'Выполнить поиск'
executeSearchIfPresent: result grid now has 24 visible row(s)
child setUp: attempt=1 parent='Совещание' gridRows=65
selectAndOpenRecord: visible grid groups:
  group=[ext-gen1767] count=6 firstRowText=[Тема совещания|	| ]
  group=[ext-gen1866] count=18 firstRowText=[1|	|AT1200617347211916|	|02.06.2026 03:24|	|Test_ADDRESS_CONFERENCE_82585542|	|T]
selectAndOpenRecord: будем дбл-кликать на ячейку с текстом 'AT1200617347211916' (row idx=0)
selectAndOpenRecord: physical click+dblclick on row idx=0 of largest visible grid group
openTab: trying <div> 'Документы совещания'
  click strategy 1 (plain): OK
child testUpdate: выбран грид -> editorgrid rows=2 editable=true
child testUpdate: column dump = 0:Название *[5EC78A490078] editable=true xtype=undefined | 1:Файл[5EC78A4900D5] editable=true xtype=fileField | 2:Дата создания[5EC78A490109] editable=true xtype=maskField | 3:Примечание[5EC78A490140] editable=true xtype=undefined | 4:Дата изменения[5EC78A490177] editable=true xtype=undefined | 5:Оператор[5EC78A4901AC] editable=true xtype=undefined | 6:KEY_CONFERENCE[5EC789EF03E2] editable=true xtype=undefined | 7:KEY_DOC_CONFERENCE[5EC78A1B0015] editable=true xtype=undefined
  [inline-fill] текст col=0 = 'Upd1688360033861125_0' OK
  [inline-fill] update: изменено одно поле, выходим
child testUpdate: заполнено полей=1 (из них дат=0)
clickEditDropdownAction: clicking 'Редактирование' to open dropdown
  click strategy 1 (plain): OK
clickEditDropdownAction: clicking 'Сохранить Изменения'
  click strategy 1 (plain): OK
[step] Сохранить Изменения: 1301ms
confirmDialogYes: no confirm dialog appeared in 3s
clickGridRefresh: reload-err
child testUpdate: value='Upd1688360033861125' found=true
]]></system-out>
  </testcase>
  <testcase name="testDelete" classname="generated.test.DokumentSoveshchaniyaTest" time="20.066">
    <failure message="child delete: запись &apos;14.06.2026&apos; всё ещё в гриде И счётчик не уменьшился (2 -&gt; 2). popup=&apos;Вы действительно хотите удалить объект? | Вы действительно хотите удалить объект?&apos; ==&gt; expected: &lt;true&gt; but was: &lt;false&gt;" type="org.opentest4j.AssertionFailedError"><![CDATA[org.opentest4j.AssertionFailedError: child delete: запись '14.06.2026' всё ещё в гриде И счётчик не уменьшился (2 -> 2). popup='Вы действительно хотите удалить объект? | Вы действительно хотите удалить объект?' ==> expected: <true> but was: <false>
	at org.junit.jupiter.api.AssertionFailureBuilder.build(AssertionFailureBuilder.java:151)
	at org.junit.jupiter.api.AssertionFailureBuilder.buildAndThrow(AssertionFailureBuilder.java:132)
	at org.junit.jupiter.api.AssertTrue.failNotTrue(AssertTrue.java:63)
	at org.junit.jupiter.api.AssertTrue.assertTrue(AssertTrue.java:36)
	at org.junit.jupiter.api.Assertions.assertTrue(Assertions.java:214)
	at generated.test.DokumentSoveshchaniyaTest.testDelete(DokumentSoveshchaniyaTest.java:589)
	at java.base/java.lang.reflect.Method.invoke(Method.java:565)
	at java.base/java.util.ArrayList.forEach(ArrayList.java:1604)
	at java.base/java.util.ArrayList.forEach(ArrayList.java:1604)
]]></failure>
    <system-out><![CDATA[descendMenu: trying to click 'Найти' for entity 'Совещание'
  click strategy 1 (plain): OK
  screenshot: target/screenshots/post-nav-Совещание-after-action.png
  visible tabs: <none>
openParamSearchInTree: double-clicking 'по параметрам'
executeSearchIfPresent: clicking <td> with text 'Выполнить поиск'
executeSearchIfPresent: result grid now has 24 visible row(s)
child setUp: attempt=1 parent='Совещание' gridRows=65
selectAndOpenRecord: visible grid groups:
  group=[ext-gen2419] count=6 firstRowText=[Тема совещания|	| ]
  group=[ext-gen2518] count=18 firstRowText=[1|	|AT1200617347211916|	|02.06.2026 03:24|	|Test_ADDRESS_CONFERENCE_82585542|	|T]
selectAndOpenRecord: будем дбл-кликать на ячейку с текстом 'AT1200617347211916' (row idx=0)
selectAndOpenRecord: physical click+dblclick on row idx=0 of largest visible grid group
openTab: trying <div> 'Документы совещания'
  click strategy 1 (plain): OK
child testDelete: marker='14.06.2026' countBefore=2
clickEditDropdownAction: clicking 'Редактирование' to open dropdown
  click strategy 1 (plain): OK
clickEditDropdownAction: clicking 'Удалить'
  click strategy 1 (plain): OK
  [popup after-Удалить]: 'Вы действительно хотите удалить объект?'
  [popup after-Удалить]: 'Вы действительно хотите удалить объект?'
confirmDialogYes: clicking 'Да'
  click strategy 1 (plain): OK
confirmDialogYes: no confirm dialog appeared in 3s
clickGridRefresh: reload-err
child testDelete: gone=false count 2 -> 2 popup='Вы действительно хотите удалить объект? | Вы действительно хотите удалить объект?'
]]></system-out>
  </testcase>
</testsuite>