<?xml version="1.0" encoding="UTF-8"?>
<testsuite xmlns:xsi="http://www.w3.org/2001/XMLSchema-instance" xsi:noNamespaceSchemaLocation="https://maven.apache.org/surefire/maven-surefire-plugin/xsd/surefire-test-report-3.0.xsd" version="3.0" name="generated.test.DolzhnostnoeLitsoTest" time="180.013" tests="7" errors="0" skipped="3" failures="0">
  <properties>
[...]
</properties>
  <testcase name="testFieldsPresent" classname="generated.test.DolzhnostnoeLitsoTest" time="11.62">
    <system-out><![CDATA[descendMenu: trying to click 'Найти' for entity 'Должностное лицо'
  click strategy 1 (plain): OK
  screenshot: target/screenshots/post-nav-Должностное_лицо-after-action.png
  visible tabs: Результат поиска "по параметрам" | Результат поиска "по параметрам"
openParamSearchInTree: double-clicking 'по параметрам'
executeSearchIfPresent: clicking <td> with text 'Выполнить поиск'
executeSearchIfPresent: result grid now has 34 visible row(s)
Fields visible on grid: 9 of 10
selectAndOpenRecord: visible grid groups:
  group=[ext-gen8269] count=6 firstRowText=[Тема совещания|	| ]
  group=[ext-gen8368] count=18 firstRowText=[1|	|AT1200617347211916|	|02.06.2026 03:24|	|Test_ADDRESS_CONFERENCE_82585542|	|T]
selectAndOpenRecord: будем дбл-кликать на ячейку с текстом 'AT1200617347211916' (row idx=0)
selectAndOpenRecord: physical click+dblclick on row idx=0 of largest visible grid group
[step] select + open record: 639ms
Fields visible INSIDE card: 10 of 10
]]></system-out>
  </testcase>
  <testcase name="testRequiredFieldValidation" classname="generated.test.DolzhnostnoeLitsoTest" time="0.0">
    <skipped type="org.opentest4j.TestAbortedException"><![CDATA[org.opentest4j.TestAbortedException: Assumption failed: Add form did not open after Edit>Добавить (neither modal dialog nor add card detected)
	at org.junit.jupiter.api.Assumptions.throwAssumptionFailed(Assumptions.java:316)
	at org.junit.jupiter.api.Assumptions.assumeTrue(Assumptions.java:115)
	at generated.test.DolzhnostnoeLitsoTest.testRequiredFieldValidation(DolzhnostnoeLitsoTest.java:303)
	at java.base/java.lang.reflect.Method.invoke(Method.java:565)
	at java.base/java.util.ArrayList.forEach(ArrayList.java:1604)
	at java.base/java.util.ArrayList.forEach(ArrayList.java:1604)
]]></skipped>
    <system-out><![CDATA[descendMenu: trying to click 'Найти' for entity 'Должностное лицо'
  click strategy 1 (plain): OK
  screenshot: target/screenshots/post-nav-Должностное_лицо-after-action.png
  visible tabs: Результат поиска "по параметрам" | Результат поиска "по параметрам"
openParamSearchInTree: double-clicking 'по параметрам'
executeSearchIfPresent: clicking <td> with text 'Выполнить поиск'
executeSearchIfPresent: result grid now has 34 visible row(s)
descendMenu: no 'Найти'/'Открыть' submenu — clicking item directly for 'Должностное лицо'
  click strategy 1 (plain): OK
  screenshot: target/screenshots/post-nav-Должностное_лицо-after-direct.png
  visible tabs: <none>
[step] open Добавить via main menu: 5862ms
  addClicked=true for entity Должностное лицо
waitUntil(add form): timeout after 6s
  addFormOpen=false
--- card diagnostics (waitForCardLoaded timed out) ---
  visible button: 'Файл'
  visible button: 'Файл'
  visible button: 'Гаражно-строительные кооперативы'
  visible button: 'Гаражно-строительные кооперативы'
  visible button: 'Отчёты'
  visible button: 'Отчёты'
  visible button: 'НСИ'
  visible button: 'НСИ'
  visible button: 'DDL Generator'
  visible button: 'DDL Generator'
  visible button: 'Сервис'
  visible button: 'Сервис'
  visible button: 'Справка'
  visible button: 'Справка'
  visible .x-window count: 0
  visible header: 'Гаражно-строительные кооперативы - AIS_GSK@DEMJKX'
--- end card diagnostics ---
]]></system-out>
  </testcase>
  <testcase name="testCreate" classname="generated.test.DolzhnostnoeLitsoTest" time="0.0">
    <skipped type="org.opentest4j.TestAbortedException"><![CDATA[org.opentest4j.TestAbortedException: Assumption failed: Add form did not open after main menu Добавить (neither modal dialog nor add card detected)
	at org.junit.jupiter.api.Assumptions.throwAssumptionFailed(Assumptions.java:316)
	at org.junit.jupiter.api.Assumptions.assumeTrue(Assumptions.java:115)
	at generated.test.DolzhnostnoeLitsoTest.testCreate(DolzhnostnoeLitsoTest.java:343)
	at java.base/java.lang.reflect.Method.invoke(Method.java:565)
	at java.base/java.util.ArrayList.forEach(ArrayList.java:1604)
	at java.base/java.util.ArrayList.forEach(ArrayList.java:1604)
]]></skipped>
    <system-out><![CDATA[descendMenu: trying to click 'Найти' for entity 'Должностное лицо'
  click strategy 1 (plain): OK
  screenshot: target/screenshots/post-nav-Должностное_лицо-after-action.png
  visible tabs: <none>
openParamSearchInTree: double-clicking 'по параметрам'
executeSearchIfPresent: clicking <td> with text 'Выполнить поиск'
executeSearchIfPresent: result grid now has 110 visible row(s)
descendMenu: no 'Найти'/'Открыть' submenu — clicking item directly for 'Должностное лицо'
  click strategy 1 (plain): OK
  screenshot: target/screenshots/post-nav-Должностное_лицо-after-direct.png
  visible tabs: <none>
[step] open Добавить via main menu: 5671ms
  addClicked=true for entity Должностное лицо
waitUntil(add form): timeout after 6s
  addFormOpen=false
--- card diagnostics (waitForCardLoaded timed out) ---
  visible button: 'Файл'
  visible button: 'Файл'
  visible button: 'Гаражно-строительные кооперативы'
  visible button: 'Гаражно-строительные кооперативы'
  visible button: 'Отчёты'
  visible button: 'Отчёты'
  visible button: 'НСИ'
  visible button: 'НСИ'
  visible button: 'DDL Generator'
  visible button: 'DDL Generator'
  visible button: 'Сервис'
  visible button: 'Сервис'
  visible button: 'Справка'
  visible button: 'Справка'
  visible .x-window count: 0
  visible header: 'Гаражно-строительные кооперативы - AIS_GSK@DEMJKX'
--- end card diagnostics ---
]]></system-out>
  </testcase>
  <testcase name="testUpdate" classname="generated.test.DolzhnostnoeLitsoTest" time="43.707">
    <system-out><![CDATA[descendMenu: trying to click 'Найти' for entity 'Должностное лицо'
  click strategy 1 (plain): OK
  screenshot: target/screenshots/post-nav-Должностное_лицо-after-action.png
  visible tabs: <none>
openParamSearchInTree: double-clicking 'по параметрам'
executeSearchIfPresent: clicking <td> with text 'Выполнить поиск'
executeSearchIfPresent: result grid now has 10 visible row(s)
testUpdate: подпись редактируемой записи = 'Асеев

Иван

Иванович

Председатель ГСК

89211111111

 

23.05.2020

 

 '
selectAndOpenRecord: visible grid groups:
  group=[ext-gen9938] count=10 firstRowText=[Фамилия|	| ]
  group=[ext-gen10037] count=100 firstRowText=[1|	|Асеев|	|Иван|	|Иванович|	|Председатель ГСК|	|89211111111|	| |	|23.05.2020|	|]
selectAndOpenRecord: будем дбл-кликать на ячейку с текстом 'Асеев' (row idx=0)
selectAndOpenRecord: physical click+dblclick on row idx=0 of largest visible grid group
[step] select + open record: 647ms
testUpdate: ждём 2.5с пока карточка догрузит значения полей
testUpdate: активное окно ДО fillX = ext-comp-3475 / title=Единый объект - Асеев Иван Иванович : Сведения должностного лица
testUpdate: меняем ОДНО поле 'Фамилия' на 'Upd1688641858478541' (остальные поля карточки не трогаем)
  [fill] 'Фамилия' startEditing result: OK:grid=ext-comp-3499/row=0/dn=/nn=Фамилия *
  [fill] 'Фамилия' editor через startEditing: id=ext-comp-3514 class= x-form-text x-form-field x-form-focus
  [fill] 'Фамилия' = OK ('Upd1688641858478541' via startEditing+clear+sendKeys+ENTER+stopEditing)
[step] type new value: 1122ms
testUpdate: новое значение 'Upd1688641858478541' в поле [Фамилия]
testUpdate: активное окно ПОСЛЕ fillX = ext-comp-3475 / title=Единый объект - Асеев Иван Иванович : Сведения должностного лица
testUpdate: подсвеченная (selected) строка после fillX = [1|	|Асеев|	|Иван|	|Иванович|	|Председатель ГСК|	|89211111111|	| |	|23.05.2020][Сведения должностного лица]
clickEditDropdownAction: clicking 'Редактирование' to open dropdown
  click strategy 1 (plain): OK
clickEditDropdownAction: clicking 'Сохранить Изменения'
  click strategy 1 (plain): OK
testUpdate: 'Редактирование → Сохранить Изменения' clicked=true
testUpdate: popup после save = ''
confirmDialogYes: no confirm dialog appeared in 3s
waitUntil(dialog close): timeout after 2s
testUpdate: карточка осталась открытой после save — закрываем Esc и идём проверять грид
descendMenu: trying to click 'Найти' for entity 'Должностное лицо'
  click strategy 1 (plain): OK
  screenshot: target/screenshots/post-nav-Должностное_лицо-after-action.png
  visible tabs: <none>
openParamSearchInTree: double-clicking 'по параметрам'
executeSearchIfPresent: clicking <td> with text 'Выполнить поиск'
executeSearchIfPresent: result grid now has 110 visible row(s)
testUpdate: ищем 'Upd1688641858478541' через форму поиска
  [fill] 'Фамилия' startEditing result: OK:grid=ext-comp-3547/row=0/dn=/nn=Фамилия
  [fill] 'Фамилия' editor через startEditing: id=ext-comp-3561 class= x-form-text x-form-field x-form-focus
  [fill] 'Фамилия' = OK ('Upd1688641858478541' via startEditing+clear+sendKeys+ENTER+stopEditing)
executeSearchIfPresent: clicking <td> with text 'Выполнить поиск'
executeSearchIfPresent: result grid now has 11 visible row(s)
testUpdate: результатов поиска по новому значению = 39
selectAndOpenRecord: visible grid groups:
  group=[ext-gen10428] count=10 firstRowText=[Фамилия|	|Upd1688641858478541]
  group=[ext-gen10527] count=1 firstRowText=[1|	|Upd1688641858478541|	|Иван|	|Иванович|	|Председатель ГСК|	|89211111111|	| |	]
selectAndOpenRecord: будем дбл-кликать на ячейку с текстом 'Фамилия' (row idx=0)
selectAndOpenRecord: physical click+dblclick on row idx=0 of largest visible grid group
[step] reopen edited record: 934ms
testUpdate: новое значение видно в ПЕРЕОТКРЫТОЙ карточке = true
]]></system-out>
  </testcase>
  <testcase name="testDelete" classname="generated.test.DolzhnostnoeLitsoTest" time="28.261">
    <system-out><![CDATA[descendMenu: trying to click 'Найти' for entity 'Должностное лицо'
  click strategy 1 (plain): OK
  screenshot: target/screenshots/post-nav-Должностное_лицо-after-action.png
  visible tabs: <none>
openParamSearchInTree: double-clicking 'по параметрам'
executeSearchIfPresent: clicking <td> with text 'Выполнить поиск'
executeSearchIfPresent: result grid now has 110 visible row(s)
testDelete: записей ДО = 908
  идентификатор первой строки рабочего грида = 'Upd1688641858478541'
clickEditDropdownAction: clicking 'Редактирование' to open dropdown
  click strategy 1 (plain): OK
clickEditDropdownAction: clicking 'Удалить'
  click strategy 1 (plain): OK
  [popup after-Удалить]: 'Вы действительно хотите удалить объект?'
  [popup after-Удалить]: 'Вы действительно хотите удалить объект?'
confirmDialogYes: clicking 'Да'
  click strategy 1 (plain): OK
confirmDialogYes: no confirm dialog appeared in 3s
descendMenu: trying to click 'Найти' for entity 'Должностное лицо'
  click strategy 1 (plain): OK
  screenshot: target/screenshots/post-nav-Должностное_лицо-after-action.png
  visible tabs: <none>
openParamSearchInTree: double-clicking 'по параметрам'
executeSearchIfPresent: clicking <td> with text 'Выполнить поиск'
executeSearchIfPresent: result grid now has 110 visible row(s)
testDelete: записей ПОСЛЕ = 907 (было 908), gone=true, popup='Вы действительно хотите удалить объект? | Вы действительно хотите удалить объект?'
]]></system-out>
  </testcase>
  <testcase name="testSearch" classname="generated.test.DolzhnostnoeLitsoTest" time="30.248">
    <system-out><![CDATA[descendMenu: trying to click 'Найти' for entity 'Должностное лицо'
  click strategy 1 (plain): OK
  screenshot: target/screenshots/post-nav-Должностное_лицо-after-action.png
  visible tabs: <none>
openParamSearchInTree: double-clicking 'по параметрам'
executeSearchIfPresent: clicking <td> with text 'Выполнить поиск'
executeSearchIfPresent: result grid now has 110 visible row(s)
[step] open search: 350ms
=== Search params for 'по параметрам' ===
  LAST_NAME = 'Test_LAST_NAME'
  FIRST_NAME = 'Test_FIRST_NAME'
  SECOND_NAME = 'Test_SECOND_NAME'
  APPOINTMENT = 'Test_APPOINTMENT'
  PHONE = 'Test_PHONE'
  EMAIL = 'Test_EMAIL'
  DATE_BEGIN_OT = '14.06.2026'
  DATE_BEGIN_DO = '14.06.2026'
  DATE_END_OT = '14.06.2026'
  DATE_END_DO = '14.06.2026'
==========================================
fillSearchParam 'LAST_NAME' = 'Test_LAST_NAME' (via: PropertyGrid cell)
fillSearchParam 'FIRST_NAME' = 'Test_FIRST_NAME' (via: PropertyGrid cell)
fillSearchParam 'SECOND_NAME' = 'Test_SECOND_NAME' (via: PropertyGrid cell)
fillSearchParam 'APPOINTMENT' = 'Test_APPOINTMENT' (via: PropertyGrid cell)
fillSearchParam 'PHONE' = 'Test_PHONE' (via: PropertyGrid cell)
fillSearchParam 'EMAIL' = 'Test_EMAIL' (via: PropertyGrid cell)
fillSearchParam 'DATE_BEGIN_OT' = '14.06.2026' (via: PropertyGrid cell)
fillSearchParam 'DATE_BEGIN_DO' = '14.06.2026' (via: PropertyGrid cell)
fillSearchParam 'DATE_END_OT' = '14.06.2026' (via: PropertyGrid cell)
fillSearchParam 'DATE_END_DO' = '14.06.2026' (via: PropertyGrid cell)
executeSearch: clicking 'Выполнить поиск'
[step] execute search: 1164ms
Search result columns found: 4 of 9; missing: [Телефон_, Электронная  почта, НДЗ, КДЗ, Примечание]
Search returned 37 visible row(s)
]]></system-out>
  </testcase>
  <testcase name="testPartialRequiredFieldValidation" classname="generated.test.DolzhnostnoeLitsoTest" time="0.0">
    <skipped type="org.opentest4j.TestAbortedException"><![CDATA[org.opentest4j.TestAbortedException: Assumption failed: Add form did not open after Edit>Добавить (neither modal dialog nor add card detected)
	at org.junit.jupiter.api.Assumptions.throwAssumptionFailed(Assumptions.java:316)
	at org.junit.jupiter.api.Assumptions.assumeTrue(Assumptions.java:115)
	at generated.test.DolzhnostnoeLitsoTest.testPartialRequiredFieldValidation(DolzhnostnoeLitsoTest.java:751)
	at java.base/java.lang.reflect.Method.invoke(Method.java:565)
	at java.base/java.util.ArrayList.forEach(ArrayList.java:1604)
	at java.base/java.util.ArrayList.forEach(ArrayList.java:1604)
]]></skipped>
    <system-out><![CDATA[descendMenu: trying to click 'Найти' for entity 'Должностное лицо'
  click strategy 1 (plain): OK
  screenshot: target/screenshots/post-nav-Должностное_лицо-after-action.png
  visible tabs: <none>
openParamSearchInTree: double-clicking 'по параметрам'
executeSearchIfPresent: clicking <td> with text 'Выполнить поиск'
executeSearchIfPresent: result grid now has 110 visible row(s)
descendMenu: no 'Найти'/'Открыть' submenu — clicking item directly for 'Должностное лицо'
  click strategy 1 (plain): OK
  screenshot: target/screenshots/post-nav-Должностное_лицо-after-direct.png
  visible tabs: <none>
[step] open Добавить via main menu: 5608ms
  addClicked=true for entity Должностное лицо
waitUntil(add form): timeout after 6s
  addFormOpen=false
--- card diagnostics (waitForCardLoaded timed out) ---
  visible button: 'Файл'
  visible button: 'Файл'
  visible button: 'Гаражно-строительные кооперативы'
  visible button: 'Гаражно-строительные кооперативы'
  visible button: 'Отчёты'
  visible button: 'Отчёты'
  visible button: 'НСИ'
  visible button: 'НСИ'
  visible button: 'DDL Generator'
  visible button: 'DDL Generator'
  visible button: 'Сервис'
  visible button: 'Сервис'
  visible button: 'Справка'
  visible button: 'Справка'
  visible .x-window count: 0
  visible header: 'Гаражно-строительные кооперативы - AIS_GSK@DEMJKX'
--- end card diagnostics ---
]]></system-out>
  </testcase>
</testsuite>