<?xml version="1.0" encoding="UTF-8"?>
<testsuite xmlns:xsi="http://www.w3.org/2001/XMLSchema-instance" xsi:noNamespaceSchemaLocation="https://maven.apache.org/surefire/maven-surefire-plugin/xsd/surefire-test-report-3.0.xsd" version="3.0" name="generated.test.UchastnikSoveshchaniyaTest" time="79.148" tests="4" errors="0" skipped="0" failures="0">
  <properties>
[...]
</properties>
  <testcase name="testGridColumns" classname="generated.test.UchastnikSoveshchaniyaTest" time="10.822">
    <system-out><![CDATA[descendMenu: trying to click 'Найти' for entity 'Совещание'
  click strategy 1 (plain): OK
  screenshot: target/screenshots/post-nav-Совещание-after-action.png
  visible tabs: <none>
openParamSearchInTree: double-clicking 'по параметрам'
executeSearchIfPresent: clicking <td> with text 'Выполнить поиск'
executeSearchIfPresent: result grid now has 24 visible row(s)
child setUp: attempt=1 parent='Совещание' gridRows=65
selectAndOpenRecord: visible grid groups:
  group=[ext-gen3443] count=6 firstRowText=[Тема совещания|	| ]
  group=[ext-gen3542] count=18 firstRowText=[1|	|AT1200617347211916|	|02.06.2026 03:24|	|Test_ADDRESS_CONFERENCE_82585542|	|T]
selectAndOpenRecord: будем дбл-кликать на ячейку с текстом 'AT1200617347211916' (row idx=0)
selectAndOpenRecord: physical click+dblclick on row idx=0 of largest visible grid group
openTab: trying <div> 'Участники совещания'
  click strategy 1 (plain): OK
Grid 'Участники совещания' rows: 87
Grid 'Участники совещания' columns: 1 of 1
]]></system-out>
  </testcase>
  <testcase name="testCreate" classname="generated.test.UchastnikSoveshchaniyaTest" time="26.814">
    <system-out><![CDATA[descendMenu: trying to click 'Найти' for entity 'Совещание'
  click strategy 1 (plain): OK
  screenshot: target/screenshots/post-nav-Совещание-after-action.png
  visible tabs: <none>
openParamSearchInTree: double-clicking 'по параметрам'
executeSearchIfPresent: clicking <td> with text 'Выполнить поиск'
executeSearchIfPresent: result grid now has 24 visible row(s)
child setUp: attempt=1 parent='Совещание' gridRows=65
selectAndOpenRecord: visible grid groups:
  group=[ext-gen4061] count=6 firstRowText=[Тема совещания|	| ]
  group=[ext-gen4160] count=18 firstRowText=[1|	|AT1200617347211916|	|02.06.2026 03:24|	|Test_ADDRESS_CONFERENCE_82585542|	|T]
selectAndOpenRecord: будем дбл-кликать на ячейку с текстом 'AT1200617347211916' (row idx=0)
selectAndOpenRecord: physical click+dblclick on row idx=0 of largest visible grid group
openTab: trying <div> 'Участники совещания'
  click strategy 1 (plain): OK
clickEditDropdownAction: clicking 'Редактирование' to open dropdown
  click strategy 1 (plain): OK
clickEditDropdownAction: clicking 'Добавить'
  click strategy 1 (plain): OK
[step] Редактирование → Добавить: 1314ms
child testCreate: выбран грид -> editorgrid rows=1 editable=true
child testCreate: строк в редактируемом гриде после 'Добавить' = 1
child testCreate: column dump = 0:Участник *[5EC24D15002E] editable=true xtype=dropDownObjectList | 1:Дата изменения[5EC24D150083] editable=true xtype=undefined | 2:Оператор[5EC24D1500B6] editable=true xtype=undefined | 3:KEY_CONFERENCE[5EC24CCA0247] editable=true xtype=undefined | 4:KEY_PARTICIPANT[5EC24CE70281] editable=true xtype=undefined
  [inline-fill] col=0 после ввода record.get = ''
  [inline-fill] col=0 фолбэк rec.set → record.get = 'AT1688433050039125_0'
  [inline-fill] текст col=0 = 'AT1688433050039125_0' OK
  [inline-fill] col=1 после ввода record.get = '14.06.2026 16:16:57'
  [inline-fill] текст col=1 = 'AT1688433050039125_1' OK
  [inline-fill] col=2 после ввода record.get = '1'
  [inline-fill] текст col=2 = 'AT1688433050039125_2' OK
  [inline-fill] col=3 после ввода record.get = '50'
  [inline-fill] текст col=3 = 'AT1688433050039125_3' OK
  [inline-fill] col=4 после ввода record.get = '16'
  [inline-fill] текст col=4 = 'AT1688433050039125_4' OK
child testCreate: заполнено полей=5 (из них дат=0)
clickEditDropdownAction: clicking 'Редактирование' to open dropdown
  click strategy 1 (plain): OK
clickEditDropdownAction: clicking 'Сохранить Изменения'
  click strategy 1 (plain): OK
[step] Сохранить Изменения: 1299ms
confirmDialogYes: no confirm dialog appeared in 3s
clickGridRefresh: reload-err
child testCreate: marker='AT1688433050039125' found=true
]]></system-out>
  </testcase>
  <testcase name="testUpdate" classname="generated.test.UchastnikSoveshchaniyaTest" time="21.378">
    <system-out><![CDATA[descendMenu: trying to click 'Найти' for entity 'Совещание'
  click strategy 1 (plain): OK
  screenshot: target/screenshots/post-nav-Совещание-after-action.png
  visible tabs: <none>
openParamSearchInTree: double-clicking 'по параметрам'
executeSearchIfPresent: clicking <td> with text 'Выполнить поиск'
executeSearchIfPresent: result grid now has 24 visible row(s)
child setUp: attempt=1 parent='Совещание' gridRows=65
selectAndOpenRecord: visible grid groups:
  group=[ext-gen4804] count=6 firstRowText=[Тема совещания|	| ]
  group=[ext-gen4903] count=18 firstRowText=[1|	|AT1200617347211916|	|02.06.2026 03:24|	|Test_ADDRESS_CONFERENCE_82585542|	|T]
selectAndOpenRecord: будем дбл-кликать на ячейку с текстом 'AT1200617347211916' (row idx=0)
selectAndOpenRecord: physical click+dblclick on row idx=0 of largest visible grid group
openTab: trying <div> 'Участники совещания'
  click strategy 1 (plain): OK
child testUpdate: выбран грид -> editorgrid rows=1 editable=true
child testUpdate: column dump = 0:Участник *[5EC24D15002E] editable=true xtype=dropDownObjectList | 1:Дата изменения[5EC24D150083] editable=true xtype=undefined | 2:Оператор[5EC24D1500B6] editable=true xtype=undefined | 3:KEY_CONFERENCE[5EC24CCA0247] editable=true xtype=undefined | 4:KEY_PARTICIPANT[5EC24CE70281] editable=true xtype=undefined
  [inline-fill] текст col=0 = 'Upd1688460047726833_0' OK
  [inline-fill] update: изменено одно поле, выходим
child testUpdate: заполнено полей=1 (из них дат=0)
clickEditDropdownAction: clicking 'Редактирование' to open dropdown
  click strategy 1 (plain): OK
clickEditDropdownAction: clicking 'Сохранить Изменения'
  click strategy 1 (plain): OK
[step] Сохранить Изменения: 1320ms
confirmDialogYes: no confirm dialog appeared in 3s
clickGridRefresh: reload-err
child testUpdate: value='Upd1688460047726833' found=true
]]></system-out>
  </testcase>
  <testcase name="testDelete" classname="generated.test.UchastnikSoveshchaniyaTest" time="20.132">
    <system-out><![CDATA[descendMenu: trying to click 'Найти' for entity 'Совещание'
  click strategy 1 (plain): OK
  screenshot: target/screenshots/post-nav-Совещание-after-action.png
  visible tabs: <none>
openParamSearchInTree: double-clicking 'по параметрам'
executeSearchIfPresent: clicking <td> with text 'Выполнить поиск'
executeSearchIfPresent: result grid now has 24 visible row(s)
child setUp: attempt=1 parent='Совещание' gridRows=65
selectAndOpenRecord: visible grid groups:
  group=[ext-gen5492] count=6 firstRowText=[Тема совещания|	| ]
  group=[ext-gen5591] count=18 firstRowText=[1|	|AT1200617347211916|	|02.06.2026 03:24|	|Test_ADDRESS_CONFERENCE_82585542|	|T]
selectAndOpenRecord: будем дбл-кликать на ячейку с текстом 'AT1200617347211916' (row idx=0)
selectAndOpenRecord: physical click+dblclick on row idx=0 of largest visible grid group
openTab: trying <div> 'Участники совещания'
  click strategy 1 (plain): OK
child testDelete: marker='14.06.2026 16:17:24' countBefore=1
clickEditDropdownAction: clicking 'Редактирование' to open dropdown
  click strategy 1 (plain): OK
clickEditDropdownAction: clicking 'Удалить'
  click strategy 1 (plain): OK
  [popup after-Удалить]: 'Вы действительно хотите удалить объект?'
  [popup after-Удалить]: 'Вы действительно хотите удалить объект?'
confirmDialogYes: clicking 'Да'
  click strategy 1 (plain): OK
confirmDialogYes: no confirm dialog appeared in 3s
clickGridRefresh: reload-err
child testDelete: gone=true count 1 -> 1 popup='Вы действительно хотите удалить объект? | Вы действительно хотите удалить объект?'
]]></system-out>
  </testcase>
</testsuite>