<?xml version="1.0" encoding="UTF-8"?>
<testsuite xmlns:xsi="http://www.w3.org/2001/XMLSchema-instance" xsi:noNamespaceSchemaLocation="https://maven.apache.org/surefire/maven-surefire-plugin/xsd/surefire-test-report-3.0.xsd" version="3.0" name="generated.test.SoveshchanieTest" time="204.095" tests="10" errors="0" skipped="3" failures="1">
  <properties>
[...]
</properties>
  <testcase name="testFieldsPresent" classname="generated.test.SoveshchanieTest" time="6.513">
    <system-out><![CDATA[descendMenu: trying to click 'Найти' for entity 'Совещание'
  click strategy 1 (plain): OK
  screenshot: target/screenshots/post-nav-Совещание-after-action.png
  visible tabs: <none>
openParamSearchInTree: double-clicking 'по параметрам'
executeSearchIfPresent: clicking <td> with text 'Выполнить поиск'
executeSearchIfPresent: result grid now has 24 visible row(s)
Fields visible on grid: 6 of 7
selectAndOpenRecord: visible grid groups:
  group=[ext-gen12354] count=6 firstRowText=[Тема совещания|	| ]
  group=[ext-gen12453] count=18 firstRowText=[1|	|AT1200617347211916|	|02.06.2026 03:24|	|Test_ADDRESS_CONFERENCE_82585542|	|T]
selectAndOpenRecord: будем дбл-кликать на ячейку с текстом 'AT1200617347211916' (row idx=0)
selectAndOpenRecord: physical click+dblclick on row idx=0 of largest visible grid group
[step] select + open record: 637ms
Fields visible INSIDE card: 7 of 7
]]></system-out>
  </testcase>
  <testcase name="testRequiredFieldValidation" classname="generated.test.SoveshchanieTest" time="22.769">
    <system-out><![CDATA[descendMenu: trying to click 'Найти' for entity 'Совещание'
  click strategy 1 (plain): OK
  screenshot: target/screenshots/post-nav-Совещание-after-action.png
  visible tabs: <none>
openParamSearchInTree: double-clicking 'по параметрам'
executeSearchIfPresent: clicking <td> with text 'Выполнить поиск'
executeSearchIfPresent: result grid now has 24 visible row(s)
descendMenu: trying to click 'Добавить' for entity 'Совещание'
  click strategy 1 (plain): OK
  screenshot: target/screenshots/post-nav-Совещание-after-action.png
  visible tabs: <none>
[step] open Добавить via main menu: 2279ms
  addClicked=true for entity Совещание
  addFormOpen=true
[step] clear form: 4105ms
[step] click Готово: 2076ms
Validation summary: dialogOpen=true, hasErrors=false, highlightedFields=0/5
waitUntil(dialog close): timeout after 2s
]]></system-out>
  </testcase>
  <testcase name="testCreate" classname="generated.test.SoveshchanieTest" time="70.086">
    <system-out><![CDATA[descendMenu: trying to click 'Найти' for entity 'Совещание'
  click strategy 1 (plain): OK
  screenshot: target/screenshots/post-nav-Совещание-after-action.png
  visible tabs: <none>
openParamSearchInTree: double-clicking 'по параметрам'
executeSearchIfPresent: clicking <td> with text 'Выполнить поиск'
executeSearchIfPresent: result grid now has 24 visible row(s)
descendMenu: trying to click 'Добавить' for entity 'Совещание'
  click strategy 1 (plain): OK
  screenshot: target/screenshots/post-nav-Совещание-after-action.png
  visible tabs: <none>
[step] open Добавить via main menu: 2275ms
  addClicked=true for entity Совещание
  addFormOpen=true
  [fill] 'Дата и время совещания' startEditing result: OK:grid=ext-comp-4153/row=1/dn=/nn=Дата и время совещания *
  [fill] 'Дата и время совещания' editor через startEditing: id=ext-comp-4175 class= x-form-text x-form-field x-form-focus
  [fill] 'Дата и время совещания' = OK ('14.06.2026 16:01' via startEditing+clear+sendKeys+ENTER+stopEditing)
  [fill] 'Адрес' startEditing result: OK:grid=ext-comp-4153/row=2/dn=/nn=Адрес *
  [fill] 'Адрес' editor через startEditing: id=ext-comp-4177 class= x-form-text x-form-field x-form-focus
  [fill] 'Адрес' = OK ('Test_ADDRESS_CONFERENCE_1688789528447916' via startEditing+clear+sendKeys+ENTER+stopEditing)
  [fill] 'Кабинет' startEditing result: OK:grid=ext-comp-4153/row=3/dn=/nn=Кабинет *
  [fill] 'Кабинет' editor через startEditing: id=ext-comp-4179 class= x-form-text x-form-field x-form-focus
  [fill] 'Кабинет' = OK ('Test_CABINET_1688789528447916' via startEditing+clear+sendKeys+ENTER+stopEditing)
  [fill] 'Председатель' — FK field, opening dropdown
  [fill-FK] 'Председатель' — открываем пикер реальным кликом
  [fill-FK] 'Председатель' ждём 1с и кликаем элемент 'Ботыгин Иван Иванович, Председатель ГСК'
  [fill-FK] 'Председатель' = OK ('Ботыгин Иван Иванович, Председатель ГСК' из 905 вариантов)
  [fill] 'Секретарь (тот, кто ведет протокол)' — FK field, opening dropdown
  [fill-FK] 'Секретарь (тот, кто ведет протокол)' — открываем пикер реальным кликом
  [fill-FK] 'Секретарь (тот, кто ведет протокол)' ждём 1с и кликаем элемент 'Чабров Иван Иванович, Председатель ГСК'
  [fill-FK] 'Секретарь (тот, кто ведет протокол)' = OK ('Чабров Иван Иванович, Председатель ГСК' из 905 вариантов)
  [fill] 'Примечание' startEditing result: OK:grid=ext-comp-4153/row=6/dn=/nn=Примечание
  [fill] 'Примечание' editor через startEditing: id=ext-comp-4185 class= x-form-text x-form-field x-form-focus
  [fill] 'Примечание' = OK ('Test_DESCRIPTION_1688789528447916' via startEditing+clear+sendKeys+ENTER+stopEditing)
  [fill] 'Председатель ГСК/Представитель ОГСК' startEditing result: no-match
  [fill] 'Председатель ГСК/Представитель ОГСК' startEditing не сработал — пробуем DOM click fallback
  [fill] 'Председатель ГСК/Представитель ОГСК' = SKIP (label cell not in DOM)
  [fill] 'Присутствовал' startEditing result: no-match
  [fill] 'Присутствовал' startEditing не сработал — пробуем DOM click fallback
  [fill] 'Присутствовал' = SKIP (label cell not in DOM)
  [fill] 'Вопросы' startEditing result: no-match
  [fill] 'Вопросы' startEditing не сработал — пробуем DOM click fallback
  [fill] 'Вопросы' = SKIP (label cell not in DOM)
  [fill] 'Название' startEditing result: no-match
  [fill] 'Название' startEditing не сработал — пробуем DOM click fallback
  [fill] 'Название' = SKIP (label cell not in DOM)
  [fill] 'Файл' startEditing result: no-match
  [fill] 'Файл' startEditing не сработал — пробуем DOM click fallback
  [fill] 'Файл' = SKIP (label cell not in DOM)
  [fillAllFields] заполнено 9 полей (skip=Тема совещания)
[step] fill all fields (except marker): 37118ms
testCreate: после fillAllFields lastFilledValues={Дата и время совещания=14.06.2026 16:01, Адрес=Test_ADDRESS_CONFERENCE_1688789528447916, Кабинет=Test_CABINET_1688789528447916, Примечание=Test_DESCRIPTION_1688789528447916, Председатель ГСК/Представитель ОГСК=748, Присутствовал=684, Вопросы=Test_QUESTIONS_1688789528447916, Название=Test_DOC_NAME_1688789528447916, Файл=Test_FILE_NAME_1688789528447916}
  [fill] 'Тема совещания' startEditing result: OK:grid=ext-comp-4153/row=0/dn=/nn=Тема совещания *
  [fill] 'Тема совещания' editor через startEditing: id=ext-comp-4173 class= x-form-text x-form-field x-form-focus
  [fill] 'Тема совещания' = OK ('AT1688826680866208' via startEditing+clear+sendKeys+ENTER+stopEditing)
[step] stamp marker: 1103ms
testCreate: запомнили заполненные поля: {Дата и время совещания=14.06.2026 16:01, Адрес=Test_ADDRESS_CONFERENCE_1688789528447916, Кабинет=Test_CABINET_1688789528447916, Примечание=Test_DESCRIPTION_1688789528447916, Председатель ГСК/Представитель ОГСК=748, Присутствовал=684, Вопросы=Test_QUESTIONS_1688789528447916, Название=Test_DOC_NAME_1688789528447916, Файл=Test_FILE_NAME_1688789528447916, Тема совещания=AT1688826680866208}
[step] click Готово: 2048ms
testCreate: gotovoClicked=true
testCreate: popup после Готово = ''
confirmDialogYes: no confirm dialog appeared in 3s
waitUntil(dialog close): timeout after 2s
testCreate: карточка осталась открытой после save — закрываем Esc, переходим к проверке грида
descendMenu: trying to click 'Найти' for entity 'Совещание'
  click strategy 1 (plain): OK
  screenshot: target/screenshots/post-nav-Совещание-after-action.png
  visible tabs: <none>
openParamSearchInTree: double-clicking 'по параметрам'
executeSearchIfPresent: clicking <td> with text 'Выполнить поиск'
executeSearchIfPresent: result grid now has 25 visible row(s)
testCreate: ищем маркер 'AT1688826680866208' через форму поиска
  [fill] 'Тема совещания' startEditing result: OK:grid=ext-comp-4280/row=0/dn=/nn=Тема совещания
  [fill] 'Тема совещания' editor через startEditing: id=ext-comp-4294 class= x-form-text x-form-field x-form-focus
  [fill] 'Тема совещания' = OK ('AT1688826680866208' via startEditing+clear+sendKeys+ENTER+stopEditing)
executeSearchIfPresent: clicking <td> with text 'Выполнить поиск'
executeSearchIfPresent: result grid now has 7 visible row(s)
testCreate: markerInGrid=true via marker(filtered search) rowsAfter=31
]]></system-out>
  </testcase>
  <testcase name="testUpdate" classname="generated.test.SoveshchanieTest" time="36.354">
    <system-out><![CDATA[descendMenu: trying to click 'Найти' for entity 'Совещание'
  click strategy 1 (plain): OK
  screenshot: target/screenshots/post-nav-Совещание-after-action.png
  visible tabs: <none>
openParamSearchInTree: double-clicking 'по параметрам'
executeSearchIfPresent: clicking <td> with text 'Выполнить поиск'
executeSearchIfPresent: result grid now has 25 visible row(s)
testUpdate: подпись редактируемой записи = 'AT1200617347211916

02.06.2026 03:24

Test_ADDRESS_CONFERENCE_82585542

Test_CABINET_82585543

Гамберов Иван Иванович

Мохарев Иван Иванович

Test_DESCRIPTION_82585544'
selectAndOpenRecord: visible grid groups:
  group=[ext-gen14552] count=6 firstRowText=[Тема совещания|	| ]
  group=[ext-gen14651] count=19 firstRowText=[1|	|AT1200617347211916|	|02.06.2026 03:24|	|Test_ADDRESS_CONFERENCE_82585542|	|T]
selectAndOpenRecord: будем дбл-кликать на ячейку с текстом 'AT1200617347211916' (row idx=0)
selectAndOpenRecord: physical click+dblclick on row idx=0 of largest visible grid group
[step] select + open record: 645ms
testUpdate: ждём 2.5с пока карточка догрузит значения полей
testUpdate: активное окно ДО fillX = ext-comp-4378 / title=Единый объект - AT1200617347211916 : Сведения совещания
testUpdate: меняем ОДНО поле 'Тема совещания' на 'Upd1688861528993291' (остальные поля карточки не трогаем)
  [fill] 'Тема совещания' startEditing result: OK:grid=ext-comp-4405/row=0/dn=/nn=Тема совещания *
  [fill] 'Тема совещания' editor через startEditing: id=ext-comp-4420 class= x-form-text x-form-field x-form-focus
  [fill] 'Тема совещания' = OK ('Upd1688861528993291' via startEditing+clear+sendKeys+ENTER+stopEditing)
[step] type new value: 1100ms
testUpdate: новое значение 'Upd1688861528993291' в поле [Тема совещания]
testUpdate: активное окно ПОСЛЕ fillX = ext-comp-4378 / title=Единый объект - AT1200617347211916 : Сведения совещания
testUpdate: подсвеченная (selected) строка после fillX = [1|	|AT1200617347211916|	|02.06.2026 03:24|	|Test_ADDRESS_CONFERENCE_82585542|	|Test_CABINET_82585543|	|Гамберов Иван Иванович|	|Мохарев Иван Иванович|	|Test_DESCRIPTION_82585544][Сведения совещания]
clickEditDropdownAction: clicking 'Редактирование' to open dropdown
  click strategy 1 (plain): OK
clickEditDropdownAction: clicking 'Сохранить Изменения'
  click strategy 1 (plain): OK
testUpdate: 'Редактирование → Сохранить Изменения' clicked=true
testUpdate: popup после save = ''
confirmDialogYes: no confirm dialog appeared in 3s
waitUntil(dialog close): timeout after 2s
testUpdate: карточка осталась открытой после save — закрываем Esc и идём проверять грид
descendMenu: trying to click 'Найти' for entity 'Совещание'
  click strategy 1 (plain): OK
  screenshot: target/screenshots/post-nav-Совещание-after-action.png
  visible tabs: <none>
openParamSearchInTree: double-clicking 'по параметрам'
executeSearchIfPresent: clicking <td> with text 'Выполнить поиск'
executeSearchIfPresent: result grid now has 25 visible row(s)
testUpdate: ищем 'Upd1688861528993291' через форму поиска
  [fill] 'Тема совещания' startEditing result: OK:grid=ext-comp-4445/row=0/dn=/nn=Тема совещания
  [fill] 'Тема совещания' editor через startEditing: id=ext-comp-4459 class= x-form-text x-form-field x-form-focus
  [fill] 'Тема совещания' = OK ('Upd1688861528993291' via startEditing+clear+sendKeys+ENTER+stopEditing)
executeSearchIfPresent: clicking <td> with text 'Выполнить поиск'
executeSearchIfPresent: result grid now has 7 visible row(s)
testUpdate: результатов поиска по новому значению = 31
selectAndOpenRecord: visible grid groups:
  group=[ext-gen15036] count=6 firstRowText=[Тема совещания|	|Upd1688861528993291]
  group=[ext-gen15135] count=1 firstRowText=[1|	|Upd1688861528993291|	|02.06.2026 03:24|	|Test_ADDRESS_CONFERENCE_82585542|	|]
selectAndOpenRecord: будем дбл-кликать на ячейку с текстом 'Тема совещания' (row idx=0)
selectAndOpenRecord: physical click+dblclick on row idx=0 of largest visible grid group
[step] reopen edited record: 861ms
testUpdate: новое значение видно в ПЕРЕОТКРЫТОЙ карточке = true
]]></system-out>
  </testcase>
  <testcase name="testDelete" classname="generated.test.SoveshchanieTest" time="10.729">
    <failure message="testDelete: действие &apos;Удалить&apos; недоступно в карточке открытой записи" type="org.opentest4j.AssertionFailedError"><![CDATA[org.opentest4j.AssertionFailedError: testDelete: действие 'Удалить' недоступно в карточке открытой записи
	at org.junit.jupiter.api.AssertionUtils.fail(AssertionUtils.java:38)
	at org.junit.jupiter.api.Assertions.fail(Assertions.java:138)
	at generated.test.SoveshchanieTest.testDelete(SoveshchanieTest.java:791)
	at java.base/java.lang.reflect.Method.invoke(Method.java:565)
	at java.base/java.util.ArrayList.forEach(ArrayList.java:1604)
	at java.base/java.util.ArrayList.forEach(ArrayList.java:1604)
]]></failure>
    <system-out><![CDATA[descendMenu: trying to click 'Найти' for entity 'Совещание'
  click strategy 1 (plain): OK
  screenshot: target/screenshots/post-nav-Совещание-after-action.png
  visible tabs: <none>
openParamSearchInTree: double-clicking 'по параметрам'
executeSearchIfPresent: clicking <td> with text 'Выполнить поиск'
executeSearchIfPresent: result grid now has 6 visible row(s)
testDelete: записей ДО = 0
  идентификатор первой строки рабочего грида = 'Тема совещания'
clickEditDropdownAction: 'Редактирование' button not visible on card
--- card diagnostics (waitForCardLoaded timed out) ---
  visible button: 'Файл'
  visible button: 'Файл'
  visible button: 'Гаражно-строительные кооперативы'
  visible button: 'Гаражно-строительные кооперативы'
  visible button: 'Отчёты'
  visible button: 'Отчёты'
  visible button: 'НСИ'
  visible button: 'НСИ'
  visible button: 'DDL Generator'
  visible button: 'DDL Generator'
  visible button: 'Сервис'
  visible button: 'Сервис'
  visible button: 'Справка'
  visible button: 'Справка'
  visible button: 'Выполнить поиск'
  visible button: 'Выполнить поиск'
  visible button: 'Дерево поисков - Поиск...'
  visible button: 'Дерево поисков - Поиск...'
  visible .x-window count: 1
  visible header: 'Гаражно-строительные кооперативы - AIS_GSK@DEMJKX'
  visible header: 'Дерево поисков - Поиск совещания : по параметрам'
--- end card diagnostics ---
clickButtonByText: 'Удалить' not found (matched 0 total, none displayed/enabled)
--- card diagnostics (waitForCardLoaded timed out) ---
  visible button: 'Файл'
  visible button: 'Файл'
  visible button: 'Гаражно-строительные кооперативы'
  visible button: 'Гаражно-строительные кооперативы'
  visible button: 'Отчёты'
  visible button: 'Отчёты'
  visible button: 'НСИ'
  visible button: 'НСИ'
  visible button: 'DDL Generator'
  visible button: 'DDL Generator'
  visible button: 'Сервис'
  visible button: 'Сервис'
  visible button: 'Справка'
  visible button: 'Справка'
  visible button: 'Выполнить поиск'
  visible button: 'Выполнить поиск'
  visible button: 'Дерево поисков - Поиск...'
  visible button: 'Дерево поисков - Поиск...'
  visible .x-window count: 1
  visible header: 'Гаражно-строительные кооперативы - AIS_GSK@DEMJKX'
  visible header: 'Дерево поисков - Поиск совещания : по параметрам'
--- end card diagnostics ---
]]></system-out>
  </testcase>
  <testcase name="testSearch" classname="generated.test.SoveshchanieTest" time="16.217">
    <system-out><![CDATA[descendMenu: trying to click 'Найти' for entity 'Совещание'
  click strategy 1 (plain): OK
  screenshot: target/screenshots/post-nav-Совещание-after-action.png
  visible tabs: <none>
openParamSearchInTree: double-clicking 'по параметрам'
executeSearchIfPresent: clicking <td> with text 'Выполнить поиск'
executeSearchIfPresent: result grid now has 25 visible row(s)
[step] open search: 352ms
=== Search params for 'по   параметрам' ===
  THEME_CONFERENCE = 'Test_THEME_CONFERENCE'
  DATETIME_CONFERENCE = '14.06.2026 16:01'
  ADDRESS_CONFERENCE = 'Test_ADDRESS_CONFERENCE'
  CABINET = 'Test_CABINET'
  KEY_CHAIRMAN = '<FK-lookup 'Председатель' — skipped>'
  KEY_SECRETARY = '<FK-lookup 'Секретарь (тот, кто ведет протокол)' — skipped>'
==========================================
fillSearchParam 'THEME_CONFERENCE' = 'Test_THEME_CONFERENCE' (via: PropertyGrid cell)
fillSearchParam 'DATETIME_CONFERENCE' = '14.06.2026 16:01' (via: PropertyGrid cell)
fillSearchParam 'ADDRESS_CONFERENCE' = 'Test_ADDRESS_CONFERENCE' (via: PropertyGrid cell)
fillSearchParam 'CABINET' = 'Test_CABINET' (via: PropertyGrid cell)
executeSearch: clicking 'Выполнить поиск'
[step] execute search: 1164ms
Search result columns found: 2 of 7; missing: [Тима  совещания, Дата и время  совещания, Председатель_, Секретарь  (тот, кто ведет протокол), Примечание]
Search returned 29 visible row(s)
]]></system-out>
  </testcase>
  <testcase name="testPartialRequiredFieldValidation" classname="generated.test.SoveshchanieTest" time="21.206">
    <system-out><![CDATA[descendMenu: trying to click 'Найти' for entity 'Совещание'
  click strategy 1 (plain): OK
  screenshot: target/screenshots/post-nav-Совещание-after-action.png
  visible tabs: <none>
openParamSearchInTree: double-clicking 'по параметрам'
executeSearchIfPresent: clicking <td> with text 'Выполнить поиск'
executeSearchIfPresent: result grid now has 25 visible row(s)
descendMenu: trying to click 'Добавить' for entity 'Совещание'
  click strategy 1 (plain): OK
  screenshot: target/screenshots/post-nav-Совещание-after-action.png
  visible tabs: <none>
[step] open Добавить via main menu: 2269ms
  addClicked=true for entity Совещание
  addFormOpen=true
[step] clear form: 4073ms
  [fill] 'Тема совещания' startEditing result: OK:grid=ext-comp-4636/row=0/dn=/nn=Тема совещания *
  [fill] 'Тема совещания' editor через startEditing: id=ext-comp-4656 class= x-form-text x-form-field x-form-focus
  [fill] 'Тема совещания' = OK ('Test_THEME_CONFERENCE' via startEditing+clear+sendKeys+ENTER+stopEditing)
[step] fill first required: 1117ms
[step] click Готово: 2095ms
waitUntil(dialog close): timeout after 2s
]]></system-out>
  </testcase>
  <testcase name="testGridPriglashNnyeGSK" classname="generated.test.SoveshchanieTest" time="0.0">
    <skipped type="org.opentest4j.TestAbortedException"><![CDATA[org.opentest4j.TestAbortedException: Assumption failed: Tab 'Приглашённые ГСК' not present in this card — skipping
	at org.junit.jupiter.api.Assumptions.throwAssumptionFailed(Assumptions.java:316)
	at org.junit.jupiter.api.Assumptions.assumeTrue(Assumptions.java:115)
	at generated.test.SoveshchanieTest.testGridPriglashNnyeGSK(SoveshchanieTest.java:246)
	at java.base/java.lang.reflect.Method.invoke(Method.java:565)
	at java.base/java.util.ArrayList.forEach(ArrayList.java:1604)
	at java.base/java.util.ArrayList.forEach(ArrayList.java:1604)
]]></skipped>
    <system-out><![CDATA[descendMenu: trying to click 'Найти' for entity 'Совещание'
  click strategy 1 (plain): OK
  screenshot: target/screenshots/post-nav-Совещание-after-action.png
  visible tabs: <none>
openParamSearchInTree: double-clicking 'по параметрам'
executeSearchIfPresent: clicking <td> with text 'Выполнить поиск'
executeSearchIfPresent: result grid now has 25 visible row(s)
Could not open tab: Приглашённые ГСК
[step] open tab 'Приглашённые ГСК': 682ms
]]></system-out>
  </testcase>
  <testcase name="testGridUchastnikiSoveshchaniya" classname="generated.test.SoveshchanieTest" time="0.0">
    <skipped type="org.opentest4j.TestAbortedException"><![CDATA[org.opentest4j.TestAbortedException: Assumption failed: Tab 'Участники совещания' not present in this card — skipping
	at org.junit.jupiter.api.Assumptions.throwAssumptionFailed(Assumptions.java:316)
	at org.junit.jupiter.api.Assumptions.assumeTrue(Assumptions.java:115)
	at generated.test.SoveshchanieTest.testGridUchastnikiSoveshchaniya(SoveshchanieTest.java:304)
	at java.base/java.lang.reflect.Method.invoke(Method.java:565)
	at java.base/java.util.ArrayList.forEach(ArrayList.java:1604)
	at java.base/java.util.ArrayList.forEach(ArrayList.java:1604)
]]></skipped>
    <system-out><![CDATA[descendMenu: trying to click 'Найти' for entity 'Совещание'
  click strategy 1 (plain): OK
  screenshot: target/screenshots/post-nav-Совещание-after-action.png
  visible tabs: <none>
openParamSearchInTree: double-clicking 'по параметрам'
executeSearchIfPresent: clicking <td> with text 'Выполнить поиск'
executeSearchIfPresent: result grid now has 25 visible row(s)
Could not open tab: Участники совещания
[step] open tab 'Участники совещания': 633ms
]]></system-out>
  </testcase>
  <testcase name="testGridDokumentySoveshchaniya" classname="generated.test.SoveshchanieTest" time="0.0">
    <skipped type="org.opentest4j.TestAbortedException"><![CDATA[org.opentest4j.TestAbortedException: Assumption failed: Tab 'Документы совещания' not present in this card — skipping
	at org.junit.jupiter.api.Assumptions.throwAssumptionFailed(Assumptions.java:316)
	at org.junit.jupiter.api.Assumptions.assumeTrue(Assumptions.java:115)
	at generated.test.SoveshchanieTest.testGridDokumentySoveshchaniya(SoveshchanieTest.java:344)
	at java.base/java.lang.reflect.Method.invoke(Method.java:565)
	at java.base/java.util.ArrayList.forEach(ArrayList.java:1604)
	at java.base/java.util.ArrayList.forEach(ArrayList.java:1604)
]]></skipped>
    <system-out><![CDATA[descendMenu: trying to click 'Найти' for entity 'Совещание'
  click strategy 1 (plain): OK
  screenshot: target/screenshots/post-nav-Совещание-after-action.png
  visible tabs: <none>
openParamSearchInTree: double-clicking 'по параметрам'
executeSearchIfPresent: clicking <td> with text 'Выполнить поиск'
executeSearchIfPresent: result grid now has 25 visible row(s)
Could not open tab: Документы совещания
[step] open tab 'Документы совещания': 703ms
]]></system-out>
  </testcase>
</testsuite>