<?xml version="1.0" encoding="UTF-8"?>
<testsuite xmlns:xsi="http://www.w3.org/2001/XMLSchema-instance" xsi:noNamespaceSchemaLocation="https://maven.apache.org/surefire/maven-surefire-plugin/xsd/surefire-test-report-3.0.xsd" version="3.0" name="generated.test.DolzhnostnyeLitsaTest" time="20.789" tests="2" errors="0" skipped="0" failures="0">
  <properties>
[...]
</properties>
  <testcase name="testFieldsPresent" classname="generated.test.DolzhnostnyeLitsaTest" time="9.996">
    <system-out><![CDATA[descendMenu: trying to click 'Найти' for entity 'Должностные лица'
  click strategy 1 (plain): OK
  screenshot: target/screenshots/post-nav-Должностные_лица-after-action.png
  visible tabs: Результат поиска "по параметрам" | Результат поиска "по параметрам"
Fields visible on grid: 0 of 0
selectAndOpenRecord: visible grid groups:
openViaExtApi: no-grid
selectAndOpenRecord: NO row found and ExtJS API failed
[step] select + open record: 5ms
Card did not open — field comparison limited to result grid columns.
]]></system-out>
  </testcase>
  <testcase name="testGridDolzhnostnyeLitsa" classname="generated.test.DolzhnostnyeLitsaTest" time="10.791">
    <system-out><![CDATA[descendMenu: trying to click 'Найти' for entity 'Должностные лица'
  click strategy 1 (plain): OK
  screenshot: target/screenshots/post-nav-Должностные_лица-after-action.png
  visible tabs: Результат поиска "по параметрам" | Результат поиска "по параметрам"
Grid 'Должностные лица' visible: true
Grid columns found: 1 of 10
Grid buttons found: 0 of 3
]]></system-out>
  </testcase>
</testsuite>